<?xml version="1.0" encoding="utf-8"?><testsuites><testsuite name="pytest" errors="0" failures="0" skipped="0" tests="39" time="1.909" timestamp="2024-09-03T14:23:23.237457+00:00" hostname="fv-az1272-597"><testcase classname="tests.test_main" name="test_middleware_handles_request_normally" time="0.061" /><testcase classname="tests.test_main" name="test_middleware_logs_exception" time="0.004" /><testcase classname="tests.test_models" name="test_valid_male_patient" time="0.001" /><testcase classname="tests.test_models" name="test_valid_female_patient" time="0.001" /><testcase classname="tests.test_models" name="test_invalid_patient_data" time="0.001" /><testcase classname="tests.test_models" name="test_invalid_patient_sex" time="0.000" /><testcase classname="tests.test_models" name="test_invalid_patient_hcirc" time="0.000" /><testcase classname="tests.test_models" name="test_low_value_returns_zero" time="0.004" /><testcase classname="tests.test_models" name="test_high_value_returns_hundred" time="0.001" /><testcase classname="tests.test_models" name="test_mid_value_returns_between_zero_and_hundred" time="0.001" /><testcase classname="tests.test_models" name="test_female_percentile_larger_than_male" time="0.001" /><testcase classname="tests.test_routes" name="test_root_route" time="0.004" /><testcase classname="tests.test_routes" name="test_show_dob_route" time="0.006" /><testcase classname="tests.test_routes" name="test_show_age_route" time="0.003" /><testcase classname="tests.test_routes" name="test_validate_age_route_valid_age" time="0.004" /><testcase classname="tests.test_routes" name="test_validate_age_route_age_high" time="0.005" /><testcase classname="tests.test_routes" name="test_validate_age_route_dob_future" time="0.005" /><testcase classname="tests.test_routes" name="test_validate_age_route_no_age" time="0.004" /><testcase classname="tests.test_routes" name="test_validate_age_route_generic_error" time="0.004" /><testcase classname="tests.test_routes" name="test_hcirc_percentile_placeholder" time="0.003" /><testcase classname="tests.test_routes" name="test_hcirc_percentile_less_than_one" time="0.005" /><testcase classname="tests.test_routes" name="test_hcirc_percentile_greater_than_ninety_nine" time="0.005" /><testcase classname="tests.test_routes" name="test_hcirc_percentile_between_one_and_ninety_nine" time="0.005" /><testcase classname="tests.test_routes" name="test_display_result_invalid_data" time="0.004" /><testcase classname="tests.test_routes" name="test_display_result_generic_error" time="0.005" /><testcase classname="tests.test_routes" name="test_calculate_percentile_api_valid" time="0.005" /><testcase classname="tests.test_routes" name="test_calculate_percentile_api_low_hcirc" time="0.005" /><testcase classname="tests.test_routes" name="test_calculate_percentile_api_high_hcirc" time="0.004" /><testcase classname="tests.test_routes" name="test_calculate_percentile_api_mid_hcirc" time="0.004" /><testcase classname="tests.test_routes" name="test_calculate_percentile_api_invalid_data" time="0.003" /><testcase classname="tests.test_schemas" name="test_normalize_age_in_years" time="0.001" /><testcase classname="tests.test_schemas" name="test_normalize_age_in_months" time="0.000" /><testcase classname="tests.test_schemas" name="test_normalize_age_in_weeks" time="0.001" /><testcase classname="tests.test_schemas" name="test_normalize_age_in_days" time="0.001" /><testcase classname="tests.test_schemas" name="test_normalize_age_by_dob" time="0.000" /><testcase classname="tests.test_schemas" name="test_normalize_hcirc_in_inches" time="0.000" /><testcase classname="tests.test_schemas" name="test_invalid_dob_in_future" time="0.001" /><testcase classname="tests.test_schemas" name="test_invalid_hcirc_value" time="0.000" /><testcase classname="tests.test_schemas" name="test_invalid_age_value" time="0.000" /></testsuite></testsuites>